<?xml version="1.0" encoding="UTF-8"?>
<!-- Generated by org.testng.reporters.JUnitXMLReporter -->
<testsuite hostname="Milvik" name="STEP 04" tests="1" failures="0" timestamp="14 Dec 2017 07:19:28 GMT" time="0.015" errors="0">
  <testcase name="@BeforeTest initiatedriver" time="0.0" classname="com.bimaone.application.pendingconsultation.PendingConsultation">
    <failure type="java.lang.IllegalArgumentException" message="Cannot find elements when the XPath expression is null.">
      <![CDATA[java.lang.IllegalArgumentException: Cannot find elements when the XPath expression is null.
	at org.openqa.selenium.By.xpath(By.java:113)
	at com.bimaone.application.pendingconsultation.PendingConsultation.initiatedriver(PendingConsultation.java:29)
... Removed 22 stack frames]]>
    </failure>
  </testcase> <!-- @BeforeTest initiatedriver -->
  <testcase name="@AfterTest finish" time="0.0" classname="com.bimaone.application.pendingconsultation.PendingConsultation">
    <skipped/>
  </testcase> <!-- @AfterTest finish -->
  <testcase name="callentryTCs" time="0.001" classname="com.bimaone.application.pendingconsultation.PendingConsultation">
    <skipped/>
  </testcase> <!-- callentryTCs -->
</testsuite> <!-- STEP 04 -->
