<?xml version="1.0" encoding="UTF-8"?>
<testng-results skipped="0" failed="0" total="4" passed="4">
  <reporter-output>
  </reporter-output>
  <suite name="Final Flow" duration-ms="457761" started-at="2017-12-18T05:49:20Z" finished-at="2017-12-18T05:56:58Z">
    <groups>
    </groups>
    <test name="STEP 01" duration-ms="26815" started-at="2017-12-18T05:49:20Z" finished-at="2017-12-18T05:49:47Z">
      <class name="com.bimaone.application.login.Login">
        <test-method status="PASS" signature="initiatedriver()[pri:0, instance:com.bimaone.application.login.Login@15d9bc04]" name="initiatedriver" is-config="true" duration-ms="11822" started-at="2017-12-18T11:19:20Z" finished-at="2017-12-18T11:19:32Z">
          <reporter-output>
          </reporter-output>
        </test-method> <!-- initiatedriver -->
        <test-method status="PASS" signature="callLoginTCs()[pri:0, instance:com.bimaone.application.login.Login@15d9bc04]" name="callLoginTCs" duration-ms="14311" started-at="2017-12-18T11:19:32Z" finished-at="2017-12-18T11:19:46Z">
          <reporter-output>
          </reporter-output>
        </test-method> <!-- callLoginTCs -->
        <test-method status="PASS" signature="finish()[pri:0, instance:com.bimaone.application.login.Login@15d9bc04]" name="finish" is-config="true" duration-ms="670" started-at="2017-12-18T11:19:46Z" finished-at="2017-12-18T11:19:47Z">
          <reporter-output>
          </reporter-output>
        </test-method> <!-- finish -->
      </class> <!-- com.bimaone.application.login.Login -->
    </test> <!-- STEP 01 -->
    <test name="STEP 02" duration-ms="37771" started-at="2017-12-18T05:49:47Z" finished-at="2017-12-18T05:50:25Z">
      <class name="com.bimaone.application.welcomecall.WelcomeCall">
        <test-method status="PASS" signature="initiatedriver()[pri:0, instance:com.bimaone.application.welcomecall.WelcomeCall@f0f2775]" name="initiatedriver" is-config="true" duration-ms="1" started-at="2017-12-18T11:19:47Z" finished-at="2017-12-18T11:19:47Z">
          <reporter-output>
          </reporter-output>
        </test-method> <!-- initiatedriver -->
        <test-method status="PASS" signature="callentryTCs()[pri:0, instance:com.bimaone.application.welcomecall.WelcomeCall@f0f2775]" name="callentryTCs" duration-ms="37501" started-at="2017-12-18T11:19:47Z" finished-at="2017-12-18T11:20:24Z">
          <reporter-output>
          </reporter-output>
        </test-method> <!-- callentryTCs -->
        <test-method status="PASS" signature="finish()[pri:0, instance:com.bimaone.application.welcomecall.WelcomeCall@f0f2775]" name="finish" is-config="true" duration-ms="264" started-at="2017-12-18T11:20:24Z" finished-at="2017-12-18T11:20:25Z">
          <reporter-output>
          </reporter-output>
        </test-method> <!-- finish -->
      </class> <!-- com.bimaone.application.welcomecall.WelcomeCall -->
    </test> <!-- STEP 02 -->
    <test name="STEP 03" duration-ms="128182" started-at="2017-12-18T05:50:25Z" finished-at="2017-12-18T05:52:33Z">
      <class name="com.bimaone.application.callEntry.CallEntry">
        <test-method status="PASS" signature="initiatedriver()[pri:0, instance:com.bimaone.application.callEntry.CallEntry@4450d156]" name="initiatedriver" is-config="true" duration-ms="2615" started-at="2017-12-18T11:20:25Z" finished-at="2017-12-18T11:20:27Z">
          <reporter-output>
          </reporter-output>
        </test-method> <!-- initiatedriver -->
        <test-method status="PASS" signature="callentryTCs()[pri:0, instance:com.bimaone.application.callEntry.CallEntry@4450d156]" name="callentryTCs" duration-ms="125464" started-at="2017-12-18T11:20:27Z" finished-at="2017-12-18T11:22:33Z">
          <reporter-output>
          </reporter-output>
        </test-method> <!-- callentryTCs -->
        <test-method status="PASS" signature="finish()[pri:0, instance:com.bimaone.application.callEntry.CallEntry@4450d156]" name="finish" is-config="true" duration-ms="99" started-at="2017-12-18T11:22:33Z" finished-at="2017-12-18T11:22:33Z">
          <reporter-output>
          </reporter-output>
        </test-method> <!-- finish -->
      </class> <!-- com.bimaone.application.callEntry.CallEntry -->
    </test> <!-- STEP 03 -->
    <test name="STEP 04" duration-ms="264907" started-at="2017-12-18T05:52:33Z" finished-at="2017-12-18T05:56:58Z">
      <class name="com.bimaone.application.pendingconsultation.PendingConsultation">
        <test-method status="PASS" signature="initiatedriver()[pri:0, instance:com.bimaone.application.pendingconsultation.PendingConsultation@255b53dc]" name="initiatedriver" is-config="true" duration-ms="4381" started-at="2017-12-18T11:22:33Z" finished-at="2017-12-18T11:22:37Z">
          <reporter-output>
          </reporter-output>
        </test-method> <!-- initiatedriver -->
        <test-method status="PASS" signature="callentryTCs()[pri:0, instance:com.bimaone.application.pendingconsultation.PendingConsultation@255b53dc]" name="callentryTCs" duration-ms="260344" started-at="2017-12-18T11:22:37Z" finished-at="2017-12-18T11:26:58Z">
          <reporter-output>
          </reporter-output>
        </test-method> <!-- callentryTCs -->
        <test-method status="PASS" signature="finish()[pri:0, instance:com.bimaone.application.pendingconsultation.PendingConsultation@255b53dc]" name="finish" is-config="true" duration-ms="176" started-at="2017-12-18T11:26:58Z" finished-at="2017-12-18T11:26:58Z">
          <reporter-output>
          </reporter-output>
        </test-method> <!-- finish -->
      </class> <!-- com.bimaone.application.pendingconsultation.PendingConsultation -->
    </test> <!-- STEP 04 -->
  </suite> <!-- Final Flow -->
</testng-results>
